SET client_min_messages = warning;
SET datestyle = 'ISO, MDY';
SET join_collapse_limit = 1;
SET enable_nestloop = off;
SET enable_mergejoin = off;
CREATE EXTENSION pg_vec;
SET pg_vec.enabled = off;
SET pg_vec.jit_deform = off;
CREATE TABLE orders (
	o_orderkey integer NOT NULL,
	o_orderdate date NOT NULL,
	o_orderpriority char(15) NOT NULL
);
CREATE TABLE lineitem (
	l_orderkey integer NOT NULL,
	l_commitdate date NOT NULL,
	l_receiptdate date NOT NULL
);
INSERT INTO orders VALUES
	(1, date '1993-07-10', '1-URGENT'),
	(2, date '1993-08-01', '2-HIGH'),
	(3, date '1993-08-15', '3-MEDIUM'),
	(4, date '1993-10-02', '4-NOT SPECIFIED'),
	(5, date '1993-07-20', '2-HIGH');
INSERT INTO lineitem VALUES
	(1, date '1993-07-01', date '1993-07-02'),
	(1, date '1993-07-03', date '1993-07-04'),
	(2, date '1993-08-05', date '1993-08-05'),
	(3, date '1993-08-10', date '1993-08-12'),
	(5, date '1993-07-25', date '1993-07-26');
SET pg_vec.enabled = on;
select
	o_orderpriority,
	count(*) as order_count
from
	orders
where
	o_orderdate >= date '1993-07-01'
	and o_orderdate < date '1993-10-01'
	and exists (
		select
			*
		from
			lineitem
		where
			l_orderkey = o_orderkey
			and l_commitdate < l_receiptdate
	)
group by
	o_orderpriority
order by
	o_orderpriority;
 o_orderpriority | order_count 
-----------------+-------------
 1-URGENT        |           1
 2-HIGH          |           1
 3-MEDIUM        |           1
(3 rows)

DROP TABLE lineitem;
DROP TABLE orders;
DROP EXTENSION pg_vec;
