SET client_min_messages = warning;
SET datestyle = 'ISO, MDY';
SET join_collapse_limit = 1;
CREATE EXTENSION pg_vec;
SET pg_vec.enabled = on;
CREATE TABLE part (
	p_partkey integer NOT NULL,
	p_name varchar(55) NOT NULL
);
CREATE TABLE supplier (
	s_suppkey integer NOT NULL,
	s_nationkey integer NOT NULL
);
CREATE TABLE lineitem (
	l_orderkey integer NOT NULL,
	l_partkey integer NOT NULL,
	l_suppkey integer NOT NULL,
	l_quantity numeric(15,2) NOT NULL,
	l_extendedprice numeric(15,2) NOT NULL,
	l_discount numeric(15,2) NOT NULL
);
CREATE TABLE partsupp (
	ps_partkey integer NOT NULL,
	ps_suppkey integer NOT NULL,
	ps_supplycost numeric(15,2) NOT NULL
);
CREATE TABLE orders (
	o_orderkey integer NOT NULL,
	o_orderdate date NOT NULL
);
CREATE TABLE nation (
	n_nationkey integer NOT NULL,
	n_name char(25) NOT NULL
);
INSERT INTO nation (n_nationkey, n_name)
VALUES
	(1, 'CHINA'),
	(2, 'INDIA');
INSERT INTO supplier (s_suppkey, s_nationkey)
VALUES
	(1, 1),
	(2, 2);
INSERT INTO part (p_partkey, p_name)
VALUES
	(1, 'forest green widget'),
	(2, 'red tool'),
	(3, 'green paint');
INSERT INTO partsupp (ps_partkey, ps_suppkey, ps_supplycost)
VALUES
	(1, 1, 20.00),
	(2, 1, 15.00),
	(3, 2, 30.00);
INSERT INTO orders (o_orderkey, o_orderdate)
VALUES
	(1, date '1995-01-10'),
	(2, date '1996-06-02'),
	(3, date '1996-08-15'),
	(4, date '1995-09-09');
INSERT INTO lineitem (
	l_orderkey,
	l_partkey,
	l_suppkey,
	l_quantity,
	l_extendedprice,
	l_discount
)
VALUES
	(1, 1, 1, 2.00, 100.00, 0.10),
	(2, 3, 2, 1.00, 200.00, 0.00),
	(3, 1, 1, 1.00, 50.00, 0.00),
	(4, 2, 1, 3.00, 90.00, 0.20);
SELECT
	nation,
	o_year,
	sum(amount) AS sum_profit
FROM
	(
		SELECT
			n_name AS nation,
			extract(year FROM o_orderdate) AS o_year,
			l_extendedprice * (1 - l_discount) - ps_supplycost * l_quantity AS amount
		FROM
			part,
			supplier,
			lineitem,
			partsupp,
			orders,
			nation
		WHERE
			s_suppkey = l_suppkey
			AND ps_suppkey = l_suppkey
			AND ps_partkey = l_partkey
			AND p_partkey = l_partkey
			AND o_orderkey = l_orderkey
			AND s_nationkey = n_nationkey
			AND p_name LIKE '%green%'
	) AS profit
GROUP BY
	nation,
	o_year
ORDER BY
	nation,
	o_year DESC;
          nation           | o_year | sum_profit 
---------------------------+--------+------------
 CHINA                     |   1996 |    30.0000
 CHINA                     |   1995 |    50.0000
 INDIA                     |   1996 |   170.0000
(3 rows)

DROP TABLE lineitem;
DROP TABLE orders;
DROP TABLE partsupp;
DROP TABLE supplier;
DROP TABLE part;
DROP TABLE nation;
DROP EXTENSION pg_vec;
